# 
# Steps log generated by v++
# This log file contains a collection of steps that describe the kernel compilation flow
# Note: Some steps are tagged as internal, these steps are for debugging purposes and 
#       are not expected to be able to run independently.
# 

# The following environment variables are set when running vitis-run
Environment variables :
------------------------------------------
ALLUSERSPROFILE=C:\ProgramData
APPDATA=C:\Users\Ashin\AppData\Roaming
arr.length=0
arr.Ubound=-1
CDS_LIC_FILE=5280@localhost
CDS_LIC_ONLY=1
CHARPOP=1
ChocolateyInstall=C:\ProgramData\chocolatey
ChocolateyLastPathUpdate=134166554160105605
CMAKE_OBJECT_PATH_MAX=4096
CommonProgramFiles=C:\Program Files\Common Files
CommonProgramFiles(x86)=C:\Program Files (x86)\Common Files
CommonProgramW6432=C:\Program Files\Common Files
COMPUTERNAME=ASHINGTON
ComSpec=C:\Windows\system32\cmd.exe
CUDA_PATH=C:\Program Files\NVIDIA GPU Computing Toolkit\CUDA\v12.4
CUDA_PATH_V12_4=C:\Program Files\NVIDIA GPU Computing Toolkit\CUDA\v12.4
DriverData=C:\Windows\System32\Drivers\DriverData
HDI_APPROOT=C:/AMDDesignTools/2025.2/Vitis
HDI_PROCESSOR=i686
HOME=C:\Users\Ashin\AppData\Roaming\SPB_Data
HOMEDRIVE=C:
HOMEPATH=\Users\Ashin
HW_SERVER_DJTG_DISABLE=1
HW_SERVER_FTDIMGR_DISABLE=1
IDE_SKIP_SERVER_LICENSE=1
INT_VARIABLE_NAME=XILINX_PATH
ISL_IOSTREAMS_RSA=C:/AMDDesignTools/2025.2/Vitis/tps/isl
JAVA_EXE=C:/AMDDesignTools/2025.2/Vitis\tps\win64\jre21.0.5_11\bin\java.exe
JAVA_HOME=C:/AMDDesignTools/2025.2/Vitis\tps\win64\jre21.0.5_11
LC_NUMERIC=C
LOCALAPPDATA=C:\Users\Ashin\AppData\Local
LOGONSERVER=\\ASHINGTON
LOPPER_DTC_FLAGS=-b 0 -@
NIEXTCCOMPILERSUPP=C:\Program Files (x86)\National Instruments\Shared\ExternalCompilerSupport\C\
NOSPLASH=false
NUMBER_OF_PROCESSORS=16
OneDrive=C:\Users\Ashin\OneDrive
OneDriveConsumer=C:\Users\Ashin\OneDrive
ORIGINAL_XDG_CURRENT_DESKTOP=undefined
OS=Windows_NT
PATH=C:/AMDDesignTools/2025.2/Vivado/tps/win64/binutils-2.26/bin;C:/AMDDesignTools/2025.2/Vitis/bin/../gnu/aarch64/nt/aarch64-linux/bin;C:/AMDDesignTools/2025.2/Vitis/bin/../gnu/ppc64le/4.9.3/win64/bin;C:/AMDDesignTools/2025.2/Vitis/bin/../gnu/aarch32/nt/gcc-arm-linux-gnueabi/bin;C:/AMDDesignTools/2025.2/Vitis/tps/mingw/6.2.0/win64.o/nt/bin;C:/AMDDesignTools/2025.2/Vivado\gnuwin\bin;C:/AMDDesignTools/2025.2/Vivado\gnu\microblaze\nt\bin;C:/AMDDesignTools/2025.2/Vitis/bin;C:/AMDDesignTools/2025.2/Vitis\tps\win64;C:/AMDDesignTools/2025.2/Vitis/tps/win64/java-cef-95.0.4638.69/bin/lib/win64;C:/AMDDesignTools/2025.2/Vitis/lib/win64.o;C:/AMDDesignTools/2025.2/Vitis/tps/win64/jre11.0.16_1/bin/server;C:/AMDDesignTools/2025.2/Vitis/tps/win64/jre11.0.16_1/bin;C:/AMDDesignTools/2025.2/Vitis\tps\win64\cmake-3.24.2\bin;C:/AMDDesignTools/2025.2/Vitis\gnu\microblaze\nt\bin;C:/AMDDesignTools/2025.2/Vitis\gnu\microblaze\linux_toolchain\nt64_le\bin;C:/AMDDesignTools/2025.2/Vitis\gnu\aarch32\nt\gcc-arm-linux-gnueabi\bin;C:/AMDDesignTools/2025.2/Vitis\gnu\aarch32\nt\gcc-arm-none-eabi\bin;C:/AMDDesignTools/2025.2/Vitis\gnu\aarch64\nt\aarch64-linux\bin;C:/AMDDesignTools/2025.2/Vitis\gnu\aarch64\nt\aarch64-none\bin;C:/AMDDesignTools/2025.2/Vitis\gnu\armr5\nt\gcc-arm-none-eabi\bin;C:/AMDDesignTools/2025.2/Vitis\gnuwin\bin;C:/AMDDesignTools/2025.2/Vitis\tps\win64\python-3.13.0;C:/AMDDesignTools/2025.2/Vitis\tps\win64\jre21.0.5_11\bin;C:/AMDDesignTools/2025.2/Vitis\tps\win64\libxslt\bin;C:/AMDDesignTools/2025.2/Vitis\gnu\arm\nt\bin;C:/AMDDesignTools/2025.2/Vitis\gnu\microblaze\linux_toolchain\nt64_be\bin;C:/AMDDesignTools/2025.2/Vitis\gnu\riscv\nt\bin;C:/AMDDesignTools/2025.2/Vitis\gnu\riscv\linux_toolchain\nt64\bin;C:/AMDDesignTools/2025.2/Vitis\gnu\riscv\linux_toolchain\nt32\bin;C:/AMDDesignTools/2025.2/Vivado\tps\win64\python-3.13.0;C:/AMDDesignTools/2025.2/Vivado\tps\win64\git-2.50.0\bin;C:/AMDDesignTools/2025.2/Vivado\tps\win64\cmake-3.24.2\bin;C:/AMDDesignTools/2025.2/Vitis/win64/tools/vcxx\libexec;C:/AMDDesignTools/2025.2/Vivado\tps\win64\jre21.0.5_11\bin;C:/AMDDesignTools/2025.2/Vivado\tps\win64\libxslt/bin;C:\Program Files\mingw64\bin;C:\Program Files\java-1.8.0-openjdk-1.8.0.482.b08-1.win.jdk.x86_64\bin;C:\Python314\Scripts\;C:\Python314\;C:\Program Files\NVIDIA GPU Computing Toolkit\CUDA\v12.4\bin;C:\Program Files\NVIDIA GPU Computing Toolkit\CUDA\v12.4\libnvvp;C:\Windows\system32;C:\Windows;C:\Windows\System32\Wbem;C:\Windows\System32\WindowsPowerShell\v1.0\;C:\Windows\System32\OpenSSH\;C:\Program Files\STMicroelectronics\STM32Cube\STM32CubeProgrammer\bin;C:\Program Files\Git\cmd;C:\Program Files\Bandizip\;C:\Program Files\Docker\Docker\resources\bin;C:\Program Files\NVIDIA Corporation\NVIDIA App\NvDLISR;C:\Program Files (x86)\NVIDIA Corporation\PhysX\Common;C:\Program Files\NVIDIA Corporation\Nsight Compute 2024.1.0\;C:\Program Files\NVIDIA Corporation\NVIDIA NvDLISR;C:\Program Files\nodejs\;C:\ProgramData\chocolatey\bin;C:\Program Files\dotnet\;C:\Program Files (x86)\IVI Foundation\VISA\WinNT\Bin\;C:\Program Files\IVI Foundation\VISA\Win64\Bin\;C:\Program Files\MATLAB\R2025b\runtime\win64;C:\Program Files\MATLAB\R2025b\bin;C:\Users\Ashin\.local\bin;C:\Users\Ashin\anaconda3;C:\Users\Ashin\anaconda3\Library\mingw-w64\bin;C:\Users\Ashin\anaconda3\Library\usr\bin;C:\Users\Ashin\anaconda3\Library\bin;C:\Users\Ashin\anaconda3\Scripts;C:\Users\Ashin\AppData\Local\Microsoft\WindowsApps;C:\Users\Ashin\AppData\Local\Programs\Microsoft VS Code\bin;C:\texlive\2025\bin\windows;C:\Users\Ashin\AppData\Roaming\npm;C:/AMDDesignTools/2025.2/Vitis\tps\mingw\6.2.0\win64.o\nt\bin;C:/AMDDesignTools/2025.2/Vitis\tps\mingw\6.2.0\win64.o\nt\libexec\gcc\x86_64-w64-mingw32\6.2.0
PATHEXT=.COM;.EXE;.BAT;.CMD;.VBS;.VBE;.JS;.JSE;.WSF;.WSH;.MSC;.PY;.PYW;.CPL
PROCESSOR_ARCHITECTURE=AMD64
PROCESSOR_IDENTIFIER=Intel64 Family 6 Model 151 Stepping 2, GenuineIntel
PROCESSOR_LEVEL=6
PROCESSOR_REVISION=9702
PRODVERSION_EXE=C:/AMDDesignTools/2025.2/Vitis/bin/unwrapped/win64.o/prodversion.exe
ProgramData=C:\ProgramData
ProgramFiles=C:\Program Files
ProgramFiles(x86)=C:\Program Files (x86)
ProgramW6432=C:\Program Files
PROMPT=$P$G
PSModulePath=C:\Users\Ashin\OneDrive\文档\WindowsPowerShell\Modules;C:\Program Files\WindowsPowerShell\Modules;C:\Windows\system32\WindowsPowerShell\v1.0\Modules
PUBLIC=C:\Users\Public
PYTHONPATH=C:/AMDDesignTools/2025.2/Vitis\cli;C:/AMDDesignTools/2025.2/Vitis\cli\python-packages\win64;C:/AMDDesignTools/2025.2/Vitis\cli\python-packages\site-packages;C:/AMDDesignTools/2025.2/Vitis\cli\proto;C:/AMDDesignTools/2025.2/Vitis\scripts\python_pkg;
python_path=C:/AMDDesignTools/2025.2/Vitis\cli;C:/AMDDesignTools/2025.2/Vitis\cli\python-packages\win64;C:/AMDDesignTools/2025.2/Vitis\cli\python-packages\site-packages;C:/AMDDesignTools/2025.2/Vitis\cli\proto;C:/AMDDesignTools/2025.2/Vitis\scripts\python_pkg;
RDI_APPROOT=C:/AMDDesignTools/2025.2/Vitis
RDI_ARGS= --mode hls --csim --config E:\1.Project\4.FPGA\vitis\FPGA_Litho\interface_stream\hls_config.cfg --work_dir fft_top
RDI_ARGS_FUNCTION=RDI_EXEC_DEFAULT
RDI_BASEROOT=C:/AMDDesignTools/2025.2
RDI_BINDIR=C:/AMDDesignTools/2025.2/Vitis/bin
RDI_BINROOT=C:/AMDDesignTools/2025.2/Vitis/bin
RDI_BUILD=yes
RDI_CHECK_PROG=True
RDI_DATADIR=C:/AMDDesignTools/2025.2/Vitis/data
RDI_INSTALLROOT=C:/AMDDesignTools
RDI_INSTALLVER=Vitis
RDI_INSTALLVERSION=2025.2
RDI_JAVACEFROOT=C:/AMDDesignTools/2025.2/Vitis/tps/win64/java-cef-95.0.4638.69
RDI_JAVAFXROOT=C:/AMDDesignTools/2025.2/Vitis/tps/win64/javafx-sdk-11.0.2
RDI_JAVAROOT=C:/AMDDesignTools/2025.2/Vitis/tps/win64/jre11.0.16_1
RDI_JAVA_VERSION=11.0.16_1
RDI_LIBDIR=C:/AMDDesignTools/2025.2/Vitis/lib/win64.o
RDI_MINGW_LIB=C:/AMDDesignTools/2025.2/Vitis\tps\mingw\6.2.0\win64.o\nt\bin;C:/AMDDesignTools/2025.2/Vitis\tps\mingw\6.2.0\win64.o\nt\libexec\gcc\x86_64-w64-mingw32\6.2.0
RDI_OPT_EXT=.o
RDI_OS_ARCH=64
RDI_PLATFORM=win64
RDI_PREPEND_PATH=C:/AMDDesignTools/2025.2/Vitis/bin
RDI_PROG=C:/AMDDesignTools/2025.2/Vitis/bin/unwrapped/win64.o/vitis-run.exe
RDI_PROGNAME=vitis-run.exe
RDI_SESSION_INFO=C:\AMDDesignTools\2025.2\Vitis\bin:ASHINGTON-Thu04-02-2026_11-00-10.48
RDI_SHARED_DATA=C:/AMDDesignTools/SharedData/2025.2/data
RDI_TEMPINSTALL=C:\AMDDesignTools\2025.2
RDI_TPS_ROOT=C:/AMDDesignTools/2025.2/Vivado/tps/win64
RDI_USE_JDK11=1
RDI_VERBOSE=False
RT_LIBPATH=C:/AMDDesignTools/2025.2/Vitis/scripts/rt/data
RT_TCL_PATH=C:/AMDDesignTools/2025.2/Vitis/scripts/rt/base_tcl/tcl
SESSIONNAME=Console
session_string=E:\1.Project\4.FPGA\vitis\FPGA_Litho\interface_stream:ASHINGTON-Thu04-02-2026_11-07-09.32
STM32CubeMX_PATH=C:\Program Files\STMicroelectronics\STM32Cube\STM32CubeMX
STM32_PRG_PATH=C:\Program Files\STMicroelectronics\STM32Cube\STM32CubeProgrammer\bin
supports_classic_ide=false
SYNTH_COMMON=C:/AMDDesignTools/2025.2/Vitis/scripts/rt/data
SystemDrive=C:
SystemRoot=C:\Windows
TCL_LIBRARY=C:/AMDDesignTools/2025.2/Vitis/tps/tcl/tcl8.6
TCMALLOC_LARGE_ALLOC_REPORT_THRESHOLD=4294967296
TEMP=C:\Users\Ashin\AppData\Local\Temp
THEIA_APP_PROJECT_PATH=C:\AMDDesignTools\2025.2\Vitis\ide\electron-app\win64\resources\app
THEIA_DEFAULT_PLUGINS=local-dir:C:\AMDDesignTools\2025.2\Vitis\ide\electron-app\win64\resources\app\plugins
THEIA_ELECTRON_TOKEN={"value":"c43974bf-f515-43a8-ac06-029db19b0834"}
THEIA_ELECTRON_VERSION=30.1.2
THEIA_PLUGINS=local-dir:C:\Users\Ashin\.theia\plugins
TMP=C:\Users\Ashin\AppData\Local\Temp
tooldir=tps\win64\git-2.50.0
TOOLS_CLANGD=C:/AMDDesignTools/2025.2/Vitis/win64/tools/vcxx\libexec
TPS_CMAKE=C:/AMDDesignTools/2025.2/Vivado\tps\win64\cmake-3.24.2
TPS_GIT=C:/AMDDesignTools/2025.2/Vivado\tps\win64\git-2.50.0
TPS_LIBXSLT=C:/AMDDesignTools/2025.2/Vivado\tps\win64\libxslt
TPS_PYTHON=C:/AMDDesignTools/2025.2/Vivado\tps\win64\python-3.13.0
USERDOMAIN=ASHINGTON
USERDOMAIN_ROAMINGPROFILE=ASHINGTON
USERNAME=Ashin
USERPROFILE=C:\Users\Ashin
VALIDATE_ARGS="False"
VITISNEW=true
VITIS_EMBEDDED_INSTALL=true
VITIS_HLS_INSTALL=true
VSCODE_API_VERSION=1.99.3
VXIPNPPATH=C:\Program Files (x86)\IVI Foundation\VISA\
VXIPNPPATH64=C:\Program Files\IVI Foundation\VISA\
windir=C:\Windows
WSLENV=WT_SESSION:WT_PROFILE_ID:
WT_PROFILE_ID={61c54bbd-c2c6-5271-96e7-009a87ff44bf}
WT_SESSION=b7556263-9134-471e-a8cf-a70a7c203059
XILINX_HLS=C:/AMDDesignTools/2025.2/Vitis
XILINX_PLANAHEAD=C:/AMDDesignTools/2025.2/Vitis
XILINX_SDK=C:/AMDDesignTools/2025.2/Vitis
XILINX_VCXX=C:/AMDDesignTools/2025.2/Vitis/win64/tools/vcxx
XILINX_VERSION_DEFAULT=2025.2
XILINX_VERSION_VITIS=2025.2
XILINX_VITIS=C:/AMDDesignTools/2025.2/Vitis
XILINX_VITIS_GIT=C:/AMDDesignTools/2025.2/Vivado\tps\win64\git-2.50.0\bin
XILINX_VITIS_VERSION=Vitis v2025.2 (64-bit)
XILINX_VIVADO=C:/AMDDesignTools/2025.2/Vivado
XIL_CHECK_TCL_DEBUG=False
XIL_NO_OVERRIDE=0
XIL_SUPPRESS_OVERRIDE_WARNINGS=1
XVREDIST=C:/AMDDesignTools/2025.2/Vitis\tps\win64\xvcredist.exe
_RDI_BINROOT=C:\AMDDesignTools\2025.2\Vitis\bin
_RDI_CWD=E:\1.Project\4.FPGA\vitis\FPGA_Litho\interface_stream
_RDI_DONT_SET_XILINX_AS_PATH=True
_RDI_VERSION_PROG=vitis-run
_valid=False
XILINX_CD_CONNECT_ID=63466
XILINX_CD_SESSION=b61f9d6a-3094-4250-9322-50fb2ca88e99


VITIS-RUN command line:
------------------------------------------
C:/AMDDesignTools/2025.2/Vitis/bin/unwrapped/win64.o/vitis-run.exe --mode hls --csim --config E:\1.Project\4.FPGA\vitis\FPGA_Litho\interface_stream\hls_config.cfg --work_dir fft_top 

FINAL PROGRAM OPTIONS
--config E:\1.Project\4.FPGA\vitis\FPGA_Litho\interface_stream\hls_config.cfg
--csim
--hls.clock 2ns
--hls.flow_target vivado
--hls.package.output.format rtl
--hls.syn.file fft_top.cpp
--hls.syn.top fft_top
--hls.tb.file fft_tb.cpp
--hls.tb.file data
--mode hls
--part xcvc1902-vsva2197-2MP-e-S
--work_dir fft_top

PARSED COMMAND LINE OPTIONS
--mode hls 
--csim 
--config E:\1.Project\4.FPGA\vitis\FPGA_Litho\interface_stream\hls_config.cfg 
--work_dir fft_top 

PARSED CONFIG FILE (1) OPTIONS
file: E:\1.Project\4.FPGA\vitis\FPGA_Litho\interface_stream\hls_config.cfg
part xcvc1902-vsva2197-2MP-e-S 
hls.clock 2ns 
hls.flow_target vivado 
hls.syn.file fft_top.cpp 
hls.syn.top fft_top 
hls.tb.file fft_tb.cpp 
hls.tb.file data 
hls.package.output.format rtl 


==========================================
new:  steps log generated by v++ for new launch 
timestamp: 02 Apr 2026 11:07:13

------------------------------------------
VITIS-RUN command line :
------------------------------------------
C:/AMDDesignTools/2025.2/Vitis/bin/unwrapped/win64.o/vitis-run.exe --mode hls --csim --config E:\1.Project\4.FPGA\vitis\FPGA_Litho\interface_stream\hls_config.cfg --work_dir fft_top 
  Options from -O    : 
  Options from *.ini : 
  Options from Hw Platform : 

==========================================
new:  steps log generated by v++ for new launch 
timestamp: 02 Apr 2026 11:12:05
