04/02/26 11:07:10: Running xcd server. This server was built by gradle.
04/02/26 11:07:10: Server was asked to start on port: '63466'
04/02/26 11:07:10: Server is using token UUID: '603a39ce-fb92-4adb-b16d-4aa17f0fb21b'
04/02/26 11:07:10: SESSION_MGR: creating session with session uuid: '6d04a3e9-ade5-4ab9-8d63-1f78fcd2ec76' and name 'default'
04/02/26 11:07:10: Attempting to start server on port '63466'
04/02/26 11:07:10: Running Dispatch Server
04/02/26 11:07:10: Version 2.2.0
04/02/26 11:07:13: Dispatch Server: Accepted socket connection from client
04/02/26 11:07:13: Starting Socket connection
04/02/26 11:07:13: EXCHANGE_TOKEN received, server token: 603a39ce-fb92-4adb-b16d-4aa17f0fb21b, passed token: 603a39ce-fb92-4adb-b16d-4aa17f0fb21b
04/02/26 11:07:13: DISPATCH_HANDLER: Adding handler from function makeHandler in library xv_system_diagram
04/02/26 11:07:13: SESSION_MGR: creating session with session uuid: 'b61f9d6a-3094-4250-9322-50fb2ca88e99' and name 'vitis-run_compile_fft_top'
04/02/26 11:07:13: KERNEL_SVC: creating session with uuid: 'b61f9d6a-3094-4250-9322-50fb2ca88e99' and name 'vitis-run_compile_fft_top'
04/02/26 11:07:13: GUIDANCE_SMGR: creating guidance session with uuid: 'b61f9d6a-3094-4250-9322-50fb2ca88e99' and name 'vitis-run_compile_fft_top'
04/02/26 11:07:13: SYSTEM_DIAGRAM: creating session with uuid: 'b61f9d6a-3094-4250-9322-50fb2ca88e99' and name 'vitis-run_compile_fft_top'
04/02/26 11:07:21: SESSION_MGR: closing session for UUID 'b61f9d6a-3094-4250-9322-50fb2ca88e99' with name 'vitis-run_compile_fft_top'
04/02/26 11:07:21: KERNEL_SVC: closing session for UUID 'b61f9d6a-3094-4250-9322-50fb2ca88e99' with name 'vitis-run_compile_fft_top'
04/02/26 11:07:21: GUIDANCE_SMGR: closing session for UUID 'b61f9d6a-3094-4250-9322-50fb2ca88e99' with name 'vitis-run_compile_fft_top'
04/02/26 11:07:21: SYSTEM_DIAGRAM: closing session for UUID 'b61f9d6a-3094-4250-9322-50fb2ca88e99' with name 'vitis-run_compile_fft_top'
04/02/26 11:07:21: STOP_SERVER received, server token: 603a39ce-fb92-4adb-b16d-4aa17f0fb21b, passed token: 603a39ce-fb92-4adb-b16d-4aa17f0fb21b
04/02/26 11:07:21: Socket received request to stop server.
04/02/26 11:07:21: Dispatch Server: do_await_stop
04/02/26 11:07:21: SERVER: destructor for server bound to port 63466
04/02/26 11:12:02: Running xcd server. This server was built by gradle.
04/02/26 11:12:02: Server was asked to start on port: '51321'
04/02/26 11:12:02: Server is using token UUID: '25c81a75-2b48-434c-af04-4860dcdc97c1'
04/02/26 11:12:02: SESSION_MGR: creating session with session uuid: '6d04a3e9-ade5-4ab9-8d63-1f78fcd2ec76' and name 'default'
04/02/26 11:12:02: Attempting to start server on port '51321'
04/02/26 11:12:02: Running Dispatch Server
04/02/26 11:12:02: Version 2.2.0
04/02/26 11:12:05: Dispatch Server: Accepted socket connection from client
04/02/26 11:12:05: Starting Socket connection
04/02/26 11:12:05: EXCHANGE_TOKEN received, server token: 25c81a75-2b48-434c-af04-4860dcdc97c1, passed token: 25c81a75-2b48-434c-af04-4860dcdc97c1
04/02/26 11:12:05: DISPATCH_HANDLER: Adding handler from function makeHandler in library xv_system_diagram
04/02/26 11:12:05: SESSION_MGR: creating session with session uuid: '89dc90e9-6907-416d-b615-de569f775d5c' and name 'vitis-run_compile_fft_top'
04/02/26 11:12:05: KERNEL_SVC: creating session with uuid: '89dc90e9-6907-416d-b615-de569f775d5c' and name 'vitis-run_compile_fft_top'
04/02/26 11:12:05: GUIDANCE_SMGR: creating guidance session with uuid: '89dc90e9-6907-416d-b615-de569f775d5c' and name 'vitis-run_compile_fft_top'
04/02/26 11:12:05: SYSTEM_DIAGRAM: creating session with uuid: '89dc90e9-6907-416d-b615-de569f775d5c' and name 'vitis-run_compile_fft_top'
04/02/26 11:12:09: Dispatch Server: Accepted socket connection from client
04/02/26 11:12:09: Starting Socket connection
04/02/26 11:12:17: SESSION_MGR: closing session for UUID '89dc90e9-6907-416d-b615-de569f775d5c' with name 'vitis-run_compile_fft_top'
04/02/26 11:12:17: KERNEL_SVC: closing session for UUID '89dc90e9-6907-416d-b615-de569f775d5c' with name 'vitis-run_compile_fft_top'
04/02/26 11:12:17: GUIDANCE_SMGR: closing session for UUID '89dc90e9-6907-416d-b615-de569f775d5c' with name 'vitis-run_compile_fft_top'
04/02/26 11:12:17: SYSTEM_DIAGRAM: closing session for UUID '89dc90e9-6907-416d-b615-de569f775d5c' with name 'vitis-run_compile_fft_top'
04/02/26 11:12:17: STOP_SERVER received, server token: 25c81a75-2b48-434c-af04-4860dcdc97c1, passed token: 25c81a75-2b48-434c-af04-4860dcdc97c1
04/02/26 11:12:17: Socket received request to stop server.
04/02/26 11:12:17: Dispatch Server: do_await_stop
04/02/26 11:12:17: SERVER: destructor for server bound to port 51321
